============================= test session starts =============================
platform win32 -- Python 3.12.10, pytest-9.0.3, pluggy-1.6.0 -- C:\Users\Admin\AppData\Local\Programs\Python\Python312\python.exe
cachedir: .pytest_cache
metadata: {'Python': '3.12.10', 'Platform': 'Windows-10-10.0.19044-SP0', 'Packages': {'pytest': '9.0.3', 'pluggy': '1.6.0'}, 'Plugins': {'allure-pytest': '2.16.0', 'anyio': '4.13.0', 'asyncio': '0.24.0', 'cov': '7.1.0', 'env': '1.2.0', 'html': '4.2.0', 'metadata': '3.1.1', 'rerunfailures': '16.3', 'timeout': '2.4.0', 'xdist': '3.8.0', 'respx': '0.23.1'}, 'JAVA_HOME': 'C:\\Program Files\\Java\\jdk1.8.0_121'}
rootdir: C:\private\aibuilder\api-test-framework
configfile: pyproject.toml
plugins: allure-pytest-2.16.0, anyio-4.13.0, asyncio-0.24.0, cov-7.1.0, env-1.2.0, html-4.2.0, metadata-3.1.1, rerunfailures-16.3, timeout-2.4.0, xdist-3.8.0, respx-0.23.1
asyncio: mode=Mode.AUTO, default_loop_scope=None
timeout: 600.0s
timeout method: thread
timeout func_only: False
collecting ... collected 8 items

testcases/local/test_user_api.yaml::��¼��ȡ JWT Token 
------------------------------- live log setup --------------------------------
2026-06-06 16:26:15 [INFO    ] framework.config: {'event': '���ü������: env=local, base_url=http://127.0.0.1:8011', 'level': 'info', 'logger': 'framework.config', 'timestamp': '2026-06-06T16:26:15.523752', 'trace_id': '399e8994'}
2026-06-06 16:26:15 [INFO    ] framework.plugin.manager: {'event': "�Զ����� 1 �����: ['auth_manager']", 'level': 'info', 'logger': 'framework.plugin.manager', 'timestamp': '2026-06-06T16:26:15.537290', 'trace_id': '828e7897'}
2026-06-06 16:26:15 [INFO    ] framework.runner: {'count': 1, 'names': ['auth_manager'], 'event': 'plugins_loaded', 'level': 'info', 'logger': 'framework.runner', 'timestamp': '2026-06-06T16:26:15.537290', 'trace_id': '58adb2dd'}
-------------------------------- live log call --------------------------------
2026-06-06 16:26:15 [INFO    ] framework.parser: {'filename': 'test_user_api.yaml', 'case_count': 8, 'suite_name': '�����û�����ӿڲ���', 'event': 'file_parsed', 'level': 'info', 'logger': 'framework.parser', 'timestamp': '2026-06-06T16:26:15.547289', 'trace_id': 'f2cde3a3'}
2026-06-06 16:26:15 [INFO    ] httpx: HTTP Request: POST http://127.0.0.1:8011/api/login "HTTP/1.1 200 OK"
2026-06-06 16:26:15 [INFO    ] framework.assertion: {'total': 5, 'passed': 5, 'failed': 0, 'event': 'assertion_report', 'trace_id': '��¼��ȡ JWT Token-d9b4dab4', 'level': 'info', 'logger': 'framework.assertion', 'timestamp': '2026-06-06T16:26:15.621112'}
2026-06-06 16:26:15 [INFO    ] framework.executor.http: {'var_names': ['access_token'], 'event': 'variables_extracted', 'trace_id': '��¼��ȡ JWT Token-d9b4dab4', 'level': 'info', 'logger': 'framework.executor.http', 'timestamp': '2026-06-06T16:26:15.634112'}
2026-06-06 16:26:15 [INFO    ] framework.runner: {'case_name': '��¼��ȡ JWT Token', 'status': 'PASS', 'elapsed_ms': 86, 'error': None, 'event': 'case_completed', 'trace_id': '��¼��ȡ JWT Token-d9b4dab4', 'level': 'info', 'logger': 'framework.runner', 'timestamp': '2026-06-06T16:26:15.634112'}
PASSED                                                                   [ 12%]
testcases/local/test_user_api.yaml::GET ��ѯĬ���û� 
------------------------------- live log setup --------------------------------
2026-06-06 16:26:15 [INFO    ] framework.plugin.manager: {'event': "�Զ����� 1 �����: ['auth_manager']", 'level': 'info', 'logger': 'framework.plugin.manager', 'timestamp': '2026-06-06T16:26:15.648114', 'trace_id': '07a4f3bc'}
2026-06-06 16:26:15 [INFO    ] framework.runner: {'count': 1, 'names': ['auth_manager'], 'event': 'plugins_loaded', 'level': 'info', 'logger': 'framework.runner', 'timestamp': '2026-06-06T16:26:15.649114', 'trace_id': '85a77591'}
-------------------------------- live log call --------------------------------
2026-06-06 16:26:15 [INFO    ] framework.parser: {'filename': 'test_user_api.yaml', 'case_count': 8, 'suite_name': '�����û�����ӿڲ���', 'event': 'file_parsed', 'level': 'info', 'logger': 'framework.parser', 'timestamp': '2026-06-06T16:26:15.658122', 'trace_id': 'a7b69edc'}
2026-06-06 16:26:15 [INFO    ] httpx: HTTP Request: GET http://127.0.0.1:8011/api/user "HTTP/1.1 200 OK"
2026-06-06 16:26:15 [INFO    ] framework.assertion: {'total': 2, 'passed': 2, 'failed': 0, 'event': 'assertion_report', 'trace_id': 'GET ��ѯĬ���û�-aab535f9', 'level': 'info', 'logger': 'framework.assertion', 'timestamp': '2026-06-06T16:26:15.677122'}
2026-06-06 16:26:15 [INFO    ] framework.runner: {'case_name': 'GET ��ѯĬ���û�', 'status': 'PASS', 'elapsed_ms': 18, 'error': None, 'event': 'case_completed', 'trace_id': 'GET ��ѯĬ���û�-aab535f9', 'level': 'info', 'logger': 'framework.runner', 'timestamp': '2026-06-06T16:26:15.677122'}
PASSED                                                                   [ 25%]
testcases/local/test_user_api.yaml::GET ��ѯָ���û� 
------------------------------- live log setup --------------------------------
2026-06-06 16:26:15 [INFO    ] framework.plugin.manager: {'event': "�Զ����� 1 �����: ['auth_manager']", 'level': 'info', 'logger': 'framework.plugin.manager', 'timestamp': '2026-06-06T16:26:15.688122', 'trace_id': '87d4e336'}
2026-06-06 16:26:15 [INFO    ] framework.runner: {'count': 1, 'names': ['auth_manager'], 'event': 'plugins_loaded', 'level': 'info', 'logger': 'framework.runner', 'timestamp': '2026-06-06T16:26:15.689122', 'trace_id': '1ebec219'}
-------------------------------- live log call --------------------------------
2026-06-06 16:26:15 [INFO    ] framework.parser: {'filename': 'test_user_api.yaml', 'case_count': 8, 'suite_name': '�����û�����ӿڲ���', 'event': 'file_parsed', 'level': 'info', 'logger': 'framework.parser', 'timestamp': '2026-06-06T16:26:15.698123', 'trace_id': '48fbca61'}
2026-06-06 16:26:15 [INFO    ] httpx: HTTP Request: GET http://127.0.0.1:8011/api/user?user_id=1 "HTTP/1.1 200 OK"
2026-06-06 16:26:15 [INFO    ] framework.assertion: {'total': 2, 'passed': 2, 'failed': 0, 'event': 'assertion_report', 'trace_id': 'GET ��ѯָ���û�-40c096a9', 'level': 'info', 'logger': 'framework.assertion', 'timestamp': '2026-06-06T16:26:15.715122'}
2026-06-06 16:26:15 [INFO    ] framework.runner: {'case_name': 'GET ��ѯָ���û�', 'status': 'PASS', 'elapsed_ms': 17, 'error': None, 'event': 'case_completed', 'trace_id': 'GET ��ѯָ���û�-40c096a9', 'level': 'info', 'logger': 'framework.runner', 'timestamp': '2026-06-06T16:26:15.715122'}
PASSED                                                                   [ 37%]
testcases/local/test_user_api.yaml::POST �����û� 
------------------------------- live log setup --------------------------------
2026-06-06 16:26:15 [INFO    ] framework.plugin.manager: {'event': "�Զ����� 1 �����: ['auth_manager']", 'level': 'info', 'logger': 'framework.plugin.manager', 'timestamp': '2026-06-06T16:26:15.725122', 'trace_id': '625e59cb'}
2026-06-06 16:26:15 [INFO    ] framework.runner: {'count': 1, 'names': ['auth_manager'], 'event': 'plugins_loaded', 'level': 'info', 'logger': 'framework.runner', 'timestamp': '2026-06-06T16:26:15.726122', 'trace_id': 'ecac1712'}
-------------------------------- live log call --------------------------------
2026-06-06 16:26:15 [INFO    ] framework.parser: {'filename': 'test_user_api.yaml', 'case_count': 8, 'suite_name': '�����û�����ӿڲ���', 'event': 'file_parsed', 'level': 'info', 'logger': 'framework.parser', 'timestamp': '2026-06-06T16:26:15.735124', 'trace_id': '6d3ca186'}
2026-06-06 16:26:15 [INFO    ] httpx: HTTP Request: POST http://127.0.0.1:8011/api/user "HTTP/1.1 200 OK"
2026-06-06 16:26:15 [INFO    ] framework.assertion: {'total': 2, 'passed': 2, 'failed': 0, 'event': 'assertion_report', 'trace_id': 'POST �����û�-7cd1d45a', 'level': 'info', 'logger': 'framework.assertion', 'timestamp': '2026-06-06T16:26:15.753122'}
2026-06-06 16:26:15 [INFO    ] framework.runner: {'case_name': 'POST �����û�', 'status': 'PASS', 'elapsed_ms': 18, 'error': None, 'event': 'case_completed', 'trace_id': 'POST �����û�-7cd1d45a', 'level': 'info', 'logger': 'framework.runner', 'timestamp': '2026-06-06T16:26:15.754122'}
PASSED                                                                   [ 50%]
testcases/local/test_user_api.yaml::PUT �����û� 
------------------------------- live log setup --------------------------------
2026-06-06 16:26:15 [INFO    ] framework.plugin.manager: {'event': "�Զ����� 1 �����: ['auth_manager']", 'level': 'info', 'logger': 'framework.plugin.manager', 'timestamp': '2026-06-06T16:26:15.765123', 'trace_id': '1b66517f'}
2026-06-06 16:26:15 [INFO    ] framework.runner: {'count': 1, 'names': ['auth_manager'], 'event': 'plugins_loaded', 'level': 'info', 'logger': 'framework.runner', 'timestamp': '2026-06-06T16:26:15.765123', 'trace_id': '4e5cefaa'}
-------------------------------- live log call --------------------------------
2026-06-06 16:26:15 [INFO    ] framework.parser: {'filename': 'test_user_api.yaml', 'case_count': 8, 'suite_name': '�����û�����ӿڲ���', 'event': 'file_parsed', 'level': 'info', 'logger': 'framework.parser', 'timestamp': '2026-06-06T16:26:15.774673', 'trace_id': 'bed8a465'}
2026-06-06 16:26:15 [INFO    ] httpx: HTTP Request: PUT http://127.0.0.1:8011/api/user "HTTP/1.1 200 OK"
2026-06-06 16:26:15 [INFO    ] framework.assertion: {'total': 2, 'passed': 2, 'failed': 0, 'event': 'assertion_report', 'trace_id': 'PUT �����û�-0de59203', 'level': 'info', 'logger': 'framework.assertion', 'timestamp': '2026-06-06T16:26:15.792673'}
2026-06-06 16:26:15 [INFO    ] framework.runner: {'case_name': 'PUT �����û�', 'status': 'PASS', 'elapsed_ms': 18, 'error': None, 'event': 'case_completed', 'trace_id': 'PUT �����û�-0de59203', 'level': 'info', 'logger': 'framework.runner', 'timestamp': '2026-06-06T16:26:15.793673'}
PASSED                                                                   [ 62%]
testcases/local/test_user_api.yaml::DELETE ɾ���û� 
------------------------------- live log setup --------------------------------
2026-06-06 16:26:15 [INFO    ] framework.plugin.manager: {'event': "�Զ����� 1 �����: ['auth_manager']", 'level': 'info', 'logger': 'framework.plugin.manager', 'timestamp': '2026-06-06T16:26:15.804327', 'trace_id': 'bcc60d54'}
2026-06-06 16:26:15 [INFO    ] framework.runner: {'count': 1, 'names': ['auth_manager'], 'event': 'plugins_loaded', 'level': 'info', 'logger': 'framework.runner', 'timestamp': '2026-06-06T16:26:15.805324', 'trace_id': '29516b9b'}
-------------------------------- live log call --------------------------------
2026-06-06 16:26:15 [INFO    ] framework.parser: {'filename': 'test_user_api.yaml', 'case_count': 8, 'suite_name': '�����û�����ӿڲ���', 'event': 'file_parsed', 'level': 'info', 'logger': 'framework.parser', 'timestamp': '2026-06-06T16:26:15.815324', 'trace_id': '22506ec3'}
2026-06-06 16:26:15 [INFO    ] httpx: HTTP Request: DELETE http://127.0.0.1:8011/api/user?user_id=1 "HTTP/1.1 200 OK"
2026-06-06 16:26:15 [INFO    ] framework.assertion: {'total': 2, 'passed': 2, 'failed': 0, 'event': 'assertion_report', 'trace_id': 'DELETE ɾ���û�-23e77d5d', 'level': 'info', 'logger': 'framework.assertion', 'timestamp': '2026-06-06T16:26:15.832926'}
2026-06-06 16:26:15 [INFO    ] framework.runner: {'case_name': 'DELETE ɾ���û�', 'status': 'PASS', 'elapsed_ms': 18, 'error': None, 'event': 'case_completed', 'trace_id': 'DELETE ɾ���û�-23e77d5d', 'level': 'info', 'logger': 'framework.runner', 'timestamp': '2026-06-06T16:26:15.834032'}
PASSED                                                                   [ 75%]
testcases/local/test_user_api.yaml::δ��Ȩ���� GET �ӿ� 
------------------------------- live log setup --------------------------------
2026-06-06 16:26:15 [INFO    ] framework.plugin.manager: {'event': "�Զ����� 1 �����: ['auth_manager']", 'level': 'info', 'logger': 'framework.plugin.manager', 'timestamp': '2026-06-06T16:26:15.845549', 'trace_id': '091b2240'}
2026-06-06 16:26:15 [INFO    ] framework.runner: {'count': 1, 'names': ['auth_manager'], 'event': 'plugins_loaded', 'level': 'info', 'logger': 'framework.runner', 'timestamp': '2026-06-06T16:26:15.845549', 'trace_id': '136a1642'}
-------------------------------- live log call --------------------------------
2026-06-06 16:26:15 [INFO    ] framework.parser: {'filename': 'test_user_api.yaml', 'case_count': 8, 'suite_name': '�����û�����ӿڲ���', 'event': 'file_parsed', 'level': 'info', 'logger': 'framework.parser', 'timestamp': '2026-06-06T16:26:15.855550', 'trace_id': '14f11fc4'}
2026-06-06 16:26:15 [INFO    ] httpx: HTTP Request: GET http://127.0.0.1:8011/api/user "HTTP/1.1 401 Unauthorized"
2026-06-06 16:26:15 [INFO    ] framework.assertion: {'total': 2, 'passed': 2, 'failed': 0, 'event': 'assertion_report', 'trace_id': 'δ��Ȩ���� GET �ӿ�-bdc16834', 'level': 'info', 'logger': 'framework.assertion', 'timestamp': '2026-06-06T16:26:15.871550'}
2026-06-06 16:26:15 [INFO    ] framework.runner: {'case_name': 'δ��Ȩ���� GET �ӿ�', 'status': 'PASS', 'elapsed_ms': 15, 'error': None, 'event': 'case_completed', 'trace_id': 'δ��Ȩ���� GET �ӿ�-bdc16834', 'level': 'info', 'logger': 'framework.runner', 'timestamp': '2026-06-06T16:26:15.871550'}
PASSED                                                                   [ 87%]
testcases/local/test_user_api.yaml::δ��Ȩ���� POST �ӿ� 
------------------------------- live log setup --------------------------------
2026-06-06 16:26:15 [INFO    ] framework.plugin.manager: {'event': "�Զ����� 1 �����: ['auth_manager']", 'level': 'info', 'logger': 'framework.plugin.manager', 'timestamp': '2026-06-06T16:26:15.883549', 'trace_id': 'f401e810'}
2026-06-06 16:26:15 [INFO    ] framework.runner: {'count': 1, 'names': ['auth_manager'], 'event': 'plugins_loaded', 'level': 'info', 'logger': 'framework.runner', 'timestamp': '2026-06-06T16:26:15.884549', 'trace_id': 'de28b25d'}
-------------------------------- live log call --------------------------------
2026-06-06 16:26:15 [INFO    ] framework.parser: {'filename': 'test_user_api.yaml', 'case_count': 8, 'suite_name': '�����û�����ӿڲ���', 'event': 'file_parsed', 'level': 'info', 'logger': 'framework.parser', 'timestamp': '2026-06-06T16:26:15.893550', 'trace_id': '85eb5044'}
2026-06-06 16:26:15 [INFO    ] httpx: HTTP Request: POST http://127.0.0.1:8011/api/user "HTTP/1.1 401 Unauthorized"
2026-06-06 16:26:15 [INFO    ] framework.assertion: {'total': 2, 'passed': 2, 'failed': 0, 'event': 'assertion_report', 'trace_id': 'δ��Ȩ���� POST �ӿ�-fff255e5', 'level': 'info', 'logger': 'framework.assertion', 'timestamp': '2026-06-06T16:26:15.908549'}
2026-06-06 16:26:15 [INFO    ] framework.runner: {'case_name': 'δ��Ȩ���� POST �ӿ�', 'status': 'PASS', 'elapsed_ms': 15, 'error': None, 'event': 'case_completed', 'trace_id': 'δ��Ȩ���� POST �ӿ�-fff255e5', 'level': 'info', 'logger': 'framework.runner', 'timestamp': '2026-06-06T16:26:15.909550'}
PASSED                                                                   [100%]

============================== 8 passed in 0.56s ==============================
